2010-08-31 09:41:50
-------------------
(live transaction) --> https://api-3t.paypal.com/nvp
Request Headers: 
Array
(
    [0] => Content-Type: text/namevalue
    [1] => X-VPS-Timeout: 45
    [2] => X-VPS-VIT-Client-Type: PHP/cURL
    [3] => X-VPS-VIT-Integration-Product: PHP::Zen Cart - WPP-NVP
    [4] => X-VPS-VIT-Integration-Version: 1.3.8a
)


Request Parameters: {SetExpressCheckout} 
Array
(
    [LOCALECODE] => DE
    [PAYMENTACTION] => Sale
    [AMT] => 154.00
    [RETURNURL] => http://www.efox-shop.com/ipn_main_handler.php?type=ec
    [CANCELURL] => http://www.efox-shop.com/index.php?main_page=login&amp;ec_cancel=1
    [PAGESTYLE] => Primary
    [METHOD] => SetExpressCheckout
    [CURRENCYCODE] => EUR
    [USER] => goglobalonline_api1.gmail.com
    [PWD] => ****************
    [VERSION] => 3.2
    [SIGNATURE] => ****************************************************8K2z
)


Response: 
Array
(
    [] => 
    [CURL_ERRORS] => (52) Empty reply from server
)

(52) Empty reply from server
Array
(
    [url] => https://api-3t.paypal.com/nvp
    [http_code] => 0
    [header_size] => 0
    [request_size] => 686
    [filetime] => -1
    [ssl_verify_result] => 0
    [redirect_count] => 0
    [total_time] => 31.558183
    [namelookup_time] => 0.394154
    [connect_time] => 0.568413
    [pretransfer_time] => 0.978114
    [size_upload] => 428
    [size_download] => 0
    [speed_download] => 0
    [speed_upload] => 13
    [download_content_length] => 0
    [upload_content_length] => 0
    [starttransfer_time] => 31.558168
    [redirect_time] => 0
)


SetExpressCheckout, Elapsed: 31559ms -- Failed
(52) Empty reply from server
Array
(
    [url] => https://api-3t.paypal.com/nvp
    [http_code] => 0
    [header_size] => 0
    [request_size] => 686
    [filetime] => -1
    [ssl_verify_result] => 0
    [redirect_count] => 0
    [total_time] => 31.558183
    [namelookup_time] => 0.394154
    [connect_time] => 0.568413
    [pretransfer_time] => 0.978114
    [size_upload] => 428
    [size_download] => 0
    [speed_download] => 0
    [speed_upload] => 13
    [download_content_length] => 0
    [upload_content_length] => 0
    [starttransfer_time] => 31.558168
    [redirect_time] => 0
)


