2010-09-20 10:16:48
-------------------
(live transaction) --> https://api-3t.paypal.com/nvp
Request Headers: 
Array
(
    [0] => Content-Type: text/namevalue
    [1] => X-VPS-Timeout: 45
    [2] => X-VPS-VIT-Client-Type: PHP/cURL
    [3] => X-VPS-VIT-Integration-Product: PHP::Zen Cart - WPP-NVP
    [4] => X-VPS-VIT-Integration-Version: 1.3.8a
)


Request Parameters: {SetExpressCheckout} 
Array
(
    [LOCALECODE] => DE
    [PAYMENTACTION] => Sale
    [ADDROVERRIDE] => 1
    [SHIPTONAME] => Patrick Mäurer
    [SHIPTOSTREET] => Dr. Hans-Böckler-Str.18
    [SHIPTOCITY] => Grünstadt
    [SHIPTOZIP] => 67269
    [SHIPTOSTATE] => RHE
    [SHIPTOCOUNTRYCODE] => DE
    [EMAIL] => patrick.maeurer@yahoo.de
    [PHONENUM] => 01622911595
    [AMT] => 139.98
    [RETURNURL] => http://www.efox-shop.com/ipn_main_handler.php?type=ec
    [CANCELURL] => http://www.efox-shop.com/index.php?main_page=checkout_shipping&amp;ec_cancel=1
    [PAGESTYLE] => Primary
    [METHOD] => SetExpressCheckout
    [CURRENCYCODE] => EUR
    [USER] => goglobalonline_api1.gmail.com
    [PWD] => ****************
    [VERSION] => 3.2
    [SIGNATURE] => ****************************************************8K2z
)


Response: 
Array
(
    [TIMESTAMP] => 2010-09-20T08:16:47Z
    [CORRELATIONID] => a65dcea1d9dac
    [ACK] => Failure
    [VERSION] => 3.2
    [BUILD] => 1516242
    [L_ERRORCODE0] => 10002
    [L_SHORTMESSAGE0] => Restricted account
    [L_LONGMESSAGE0] => Account is restricted
    [L_SEVERITYCODE0] => Error
    [CURL_ERRORS] => 
)


SetExpressCheckout, Elapsed: 728ms -- Failure

TIMESTAMP=2010%2d09%2d20T08%3a16%3a47Z&CORRELATIONID=a65dcea1d9dac&ACK=Failure&VERSION=3%2e2&BUILD=1516242&L_ERRORCODE0=10002&L_SHORTMESSAGE0=Restricted%20account&L_LONGMESSAGE0=Account%20is%20restricted&L_SEVERITYCODE0=Error&CURL_ERRORS=

