Dec 25 2013 2:50 -- PDT Returned Data Array
(
    [transaction_subject] => zenid=g74a9gkg11bf6q7e062g131nq0
    [payment_date] => 17:50:22 Dec 24, 2013 PST
    [txn_type] => web_accept
    [last_name] => chang
    [residence_country] => US
    [item_name] => GL-BigStore Purchase
    [payment_gross] => 10.77
    [mc_currency] => USD
    [business] => dinos_hall@163.com
    [payment_type] => instant
    [protection_eligibility] => Ineligible
    [payer_status] => verified
    [tax] => 0.00
    [payer_email] => hhxdd521@163.com
    [txn_id] => 65J2247772264471S
    [quantity] => 1
    [receiver_email] => dinos_hall@163.com
    [first_name] => andy
    [payer_id] => QT5DNPZEQCHGE
    [receiver_id] => EH6VH3E963W9J
    [item_number] => Store Receipt
    [payer_business_name] => andy chang's Test Store
    [handling_amount] => 0.00
    [payment_status] => Completed
    [payment_fee] => 0.61
    [mc_fee] => 0.61
    [shipping] => 0.00
    [mc_gross] => 10.77
    [custom] => zenid=g74a9gkg11bf6q7e062g131nq0
    [charset] => windows-1252
)


